  AudioPlayer.cpp
F:\bupt\网研保研\player\include\libavutil\rational.h(1,1): warning C4819: 该文件包含不能在当前代码页(936)中表示的字符。请将该文件保存为 Unicode 格式以防止数据丢失
F:\bupt\网研保研\player\AudioPlayer.cpp(26,22): warning C4018: “<”: 有符号/无符号不匹配
F:\bupt\网研保研\player\AudioPlayer.cpp(9,5): warning C4996: 'av_register_all': 被声明为已否决
F:\bupt\网研保研\player\AudioPlayer.cpp(11,5): warning C4996: 'avcodec_register_all': 被声明为已否决
F:\bupt\网研保研\player\AudioPlayer.cpp(128,34): warning C4244: “参数”: 从“double”转换到“ALfloat”，可能丢失数据
F:\bupt\网研保研\player\AudioPlayer.cpp(280,35): warning C4244: “参数”: 从“double”转换到“ALfloat”，可能丢失数据
  VideoFrameQueue.cpp
F:\bupt\网研保研\player\include\libavutil\rational.h(1,1): warning C4819: 该文件包含不能在当前代码页(936)中表示的字符。请将该文件保存为 Unicode 格式以防止数据丢失
  main.cpp
F:\bupt\网研保研\player\include\libavutil\rational.h(1,1): warning C4819: 该文件包含不能在当前代码页(936)中表示的字符。请将该文件保存为 Unicode 格式以防止数据丢失
  正在生成代码...
F:\bupt\网研保研\player\AudioPlayer.cpp(190): warning C4715: “AudioPlayer::decode”: 不是所有的控件路径都返回值
  VideoPlayer.cpp
F:\bupt\网研保研\player\include\libavutil\rational.h(1,1): warning C4819: 该文件包含不能在当前代码页(936)中表示的字符。请将该文件保存为 Unicode 格式以防止数据丢失
F:\bupt\网研保研\player\VideoPlayer.cpp(34,19): warning C4018: “<”: 有符号/无符号不匹配
F:\bupt\网研保研\player\VideoPlayer.cpp(35,29): warning C4996: 'AVStream::codec': 被声明为已否决
F:\bupt\网研保研\player\VideoPlayer.cpp(45,40): warning C4996: 'AVStream::codec': 被声明为已否决
F:\bupt\网研保研\player\VideoPlayer.cpp(12,2): warning C4996: 'av_register_all': 被声明为已否决
F:\bupt\网研保研\player\VideoPlayer.cpp(101,2): warning C4996: 'av_free_packet': 被声明为已否决
F:\bupt\网研保研\player\VideoPlayer.cpp(255,3): warning C4996: 'av_free_packet': 被声明为已否决
F:\bupt\网研保研\player\VideoPlayer.cpp(326,30): warning C4244: “=”: 从“double”转换到“int”，可能丢失数据
F:\bupt\网研保研\player\VideoPlayer.cpp(328,15): warning C4244: “=”: 从“double”转换到“int”，可能丢失数据
F:\bupt\网研保研\player\VideoPlayer.cpp(332,29): warning C4244: “=”: 从“double”转换到“int”，可能丢失数据
F:\bupt\网研保研\player\VideoPlayer.cpp(334,15): warning C4244: “=”: 从“double”转换到“int”，可能丢失数据
  LINK : 没有找到 F:\bupt\网研保研\player\Debug\player.exe 或上一个增量链接没有生成它；正在执行完全链接
  player.vcxproj -> F:\bupt\网研保研\player\Debug\player.exe
